#logback.classic pattern: [REQUEST2] [%-5level] %d{yyyy-MM-dd HH:mm:ss} [%thread] [%logger{0}:%line] - %msg%n
[REQUEST2] [INFO ] 2023-09-27 21:06:55 [main] [LogbackApplication:51] - Starting LogbackApplication using Java 17.0.6 with PID 34886 (/Users/hwangseongtae/Desktop/haco/fastcampus/Logback/build/classes/java/main started by hwangseongtae in /Users/hwangseongtae/Desktop/haco/fastcampus/Logback)
[REQUEST2] [INFO ] 2023-09-27 21:06:55 [main] [LogbackApplication:643] - The following 1 profile is active: "prod"
[REQUEST2] [INFO ] 2023-09-27 21:06:56 [main] [TomcatWebServer:108] - Tomcat initialized with port(s): 8080 (http)
[REQUEST2] [INFO ] 2023-09-27 21:06:56 [main] [StandardService:173] - Starting service [Tomcat]
[REQUEST2] [INFO ] 2023-09-27 21:06:56 [main] [StandardEngine:173] - Starting Servlet engine: [Apache Tomcat/10.1.13]
[REQUEST2] [INFO ] 2023-09-27 21:06:56 [main] [[/]:173] - Initializing Spring embedded WebApplicationContext
[REQUEST2] [INFO ] 2023-09-27 21:06:56 [main] [ServletWebServerApplicationContext:291] - Root WebApplicationContext: initialization completed in 348 ms
[REQUEST2] [INFO ] 2023-09-27 21:06:56 [main] [TomcatWebServer:220] - Tomcat started on port(s): 8080 (http) with context path ''
[REQUEST2] [INFO ] 2023-09-27 21:06:56 [main] [LogbackApplication:57] - Started LogbackApplication in 0.696 seconds (process running for 1.083)
[REQUEST2] [INFO ] 2023-09-27 21:06:57 [http-nio-8080-exec-1] [[/]:173] - Initializing Spring DispatcherServlet 'dispatcherServlet'
[REQUEST2] [INFO ] 2023-09-27 21:06:57 [http-nio-8080-exec-1] [DispatcherServlet:532] - Initializing Servlet 'dispatcherServlet'
[REQUEST2] [INFO ] 2023-09-27 21:06:57 [http-nio-8080-exec-1] [DispatcherServlet:554] - Completed initialization in 0 ms
[REQUEST2] [INFO ] 2023-09-27 21:06:57 [http-nio-8080-exec-1] [DemoController:15] - log -> INFO
[REQUEST2] [WARN ] 2023-09-27 21:06:57 [http-nio-8080-exec-1] [DemoController:16] - log -> WARN
[REQUEST2] [ERROR] 2023-09-27 21:06:57 [http-nio-8080-exec-1] [DemoController:17] - log -> ERROR
[REQUEST2] [INFO ] 2023-09-27 21:07:14 [http-nio-8080-exec-2] [DemoController:15] - log -> INFO
[REQUEST2] [WARN ] 2023-09-27 21:07:14 [http-nio-8080-exec-2] [DemoController:16] - log -> WARN
[REQUEST2] [ERROR] 2023-09-27 21:07:14 [http-nio-8080-exec-2] [DemoController:17] - log -> ERROR
[REQUEST2] [INFO ] 2023-09-27 21:07:36 [http-nio-8080-exec-3] [DemoController:15] - log -> INFO
[REQUEST2] [WARN ] 2023-09-27 21:07:36 [http-nio-8080-exec-3] [DemoController:16] - log -> WARN
[REQUEST2] [ERROR] 2023-09-27 21:07:36 [http-nio-8080-exec-3] [DemoController:17] - log -> ERROR
[REQUEST2] [INFO ] 2023-09-27 21:07:38 [http-nio-8080-exec-4] [DemoController:15] - log -> INFO
[REQUEST2] [WARN ] 2023-09-27 21:07:38 [http-nio-8080-exec-4] [DemoController:16] - log -> WARN
[REQUEST2] [ERROR] 2023-09-27 21:07:38 [http-nio-8080-exec-4] [DemoController:17] - log -> ERROR
[REQUEST2] [INFO ] 2023-09-27 21:07:41 [http-nio-8080-exec-5] [DemoController:15] - log -> INFO
[REQUEST2] [WARN ] 2023-09-27 21:07:41 [http-nio-8080-exec-5] [DemoController:16] - log -> WARN
[REQUEST2] [ERROR] 2023-09-27 21:07:41 [http-nio-8080-exec-5] [DemoController:17] - log -> ERROR
[REQUEST2] [INFO ] 2023-09-27 21:07:43 [http-nio-8080-exec-7] [DemoController:15] - log -> INFO
[REQUEST2] [WARN ] 2023-09-27 21:07:43 [http-nio-8080-exec-7] [DemoController:16] - log -> WARN
[REQUEST2] [ERROR] 2023-09-27 21:07:43 [http-nio-8080-exec-7] [DemoController:17] - log -> ERROR
